bios
decorations
emulationstation
emulationstation\.emulationstation
emulationstation\.emulationstation\music
emulationstation\.emulationstation\reboot
emulationstation\.emulationstation\scripts
emulationstation\.emulationstation\shutdown
emulationstation\.emulationstation\themes
emulationstation\.emulationstation\video
emulationstation\resources
medias
medias\records
medias\records\config
medias\records\output
roms
saves
screenshots
system
system\configgen
system\download
system\es_menu
system\shaders
system\templates